[debug] [2022-10-11T06:06:57.702Z] ----------------------------------------------------------------------
[debug] [2022-10-11T06:06:57.704Z] Command:       C:\Program Files\nodejs\node.exe C:\Users\mhash\AppData\Roaming\npm\node_modules\firebase-tools\lib\bin\firebase.js init
[debug] [2022-10-11T06:06:57.705Z] CLI Version:   11.14.1
[debug] [2022-10-11T06:06:57.705Z] Platform:      win32
[debug] [2022-10-11T06:06:57.706Z] Node Version:  v18.10.0
[debug] [2022-10-11T06:06:57.712Z] Time:          Tue Oct 11 2022 12:06:57 GMT+0600 (Bangladesh Standard Time)
[debug] [2022-10-11T06:06:57.713Z] ----------------------------------------------------------------------
[debug] 
[debug] [2022-10-11T06:06:57.817Z] > command requires scopes: ["email","openid","https://www.googleapis.com/auth/cloudplatformprojects.readonly","https://www.googleapis.com/auth/firebase","https://www.googleapis.com/auth/cloud-platform"]
[debug] [2022-10-11T06:06:57.818Z] > authorizing via signed-in user (mhashik.ashik@gmail.com)
[info] 
     ######## #### ########  ######## ########     ###     ######  ########
     ##        ##  ##     ## ##       ##     ##  ##   ##  ##       ##
     ######    ##  ########  ######   ########  #########  ######  ######
     ##        ##  ##    ##  ##       ##     ## ##     ##       ## ##
     ##       #### ##     ## ######## ########  ##     ##  ######  ########

You're about to initialize a Firebase project in this directory:

  H:\Programming Hero\Milestone-10\react-travel-buddy

Before we get started, keep in mind:

  * You are initializing within an existing Firebase project directory

[info] 
=== Project Setup
[info] 
[info] First, let's associate this project directory with a Firebase project.
[info] You can create multiple project aliases by running firebase use --add, 
[info] but for now we'll just set up a default project.
[info] 
[debug] [2022-10-11T06:07:45.615Z] Using project from CLI flag: react-travel-buddy
[debug] [2022-10-11T06:07:45.624Z] >>> [apiv2][query] GET https://firebase.googleapis.com/v1beta1/projects/react-travel-buddy [none]
[debug] [2022-10-11T06:07:46.479Z] <<< [apiv2][status] GET https://firebase.googleapis.com/v1beta1/projects/react-travel-buddy 200
[debug] [2022-10-11T06:07:46.480Z] <<< [apiv2][body] GET https://firebase.googleapis.com/v1beta1/projects/react-travel-buddy {"projectId":"react-travel-buddy","projectNumber":"484831000715","displayName":"react-travel-buddy","name":"projects/react-travel-buddy","resources":{"hostingSite":"react-travel-buddy"},"state":"ACTIVE","etag":"1_8f90022c-b808-4f03-933e-5077bb83a3e2"}
[info] i  Using project react-travel-buddy (react-travel-buddy) 
[info] 
=== Hosting Setup
[info] 
[info] Your public directory is the folder (relative to your project directory) that
[info] will contain Hosting assets to be uploaded with firebase deploy. If you
[info] have a build process for your assets, use your build's output directory.
[info] 
[info] +  Wrote public/404.html 
[debug] [2022-10-11T06:09:00.547Z] >>> [apiv2][query] GET https://www.gstatic.com/firebasejs/releases.json [none]
[debug] [2022-10-11T06:09:00.967Z] <<< [apiv2][status] GET https://www.gstatic.com/firebasejs/releases.json 200
[debug] [2022-10-11T06:09:00.967Z] <<< [apiv2][body] GET https://www.gstatic.com/firebasejs/releases.json {"current":{"version":"9.11.0","browserURL":"https://www.gstatic.com/firebasejs/9.11.0/firebase.js","packageURL":"https://www.gstatic.com/firebasejs/9.11.0/firebase.tgz"},"live":{"version":"9.11","browserURL":"https://www.gstatic.com/firebasejs/live/9.11/firebase.js","packageURL":"https://www.gstatic.com/firebasejs/live/9.11/firebase.tgz"},"components":{"analytics":"https://www.gstatic.com/firebasejs/9.11.0/firebase-analytics.js","app":"https://www.gstatic.com/firebasejs/9.11.0/firebase-app.js","app-check":"https://www.gstatic.com/firebasejs/9.11.0/firebase-app-check.js","auth":"https://www.gstatic.com/firebasejs/9.11.0/firebase-auth.js","auth/cordova":"https://www.gstatic.com/firebasejs/9.11.0/firebase-auth/cordova.js","auth/react-native":"https://www.gstatic.com/firebasejs/9.11.0/firebase-auth/react-native.js","functions":"https://www.gstatic.com/firebasejs/9.11.0/firebase-functions.js","firestore":"https://www.gstatic.com/firebasejs/9.11.0/firebase-firestore.js","firestore/lite":"https://www.gstatic.com/firebasejs/9.11.0/firebase-firestore/lite.js","installations":"https://www.gstatic.com/firebasejs/9.11.0/firebase-installations.js","storage":"https://www.gstatic.com/firebasejs/9.11.0/firebase-storage.js","performance":"https://www.gstatic.com/firebasejs/9.11.0/firebase-performance.js","remote-config":"https://www.gstatic.com/firebasejs/9.11.0/firebase-remote-config.js","messaging":"https://www.gstatic.com/firebasejs/9.11.0/firebase-messaging.js","messaging/sw":"https://www.gstatic.com/firebasejs/9.11.0/firebase-messaging/sw.js","database":"https://www.gstatic.com/firebasejs/9.11.0/firebase-database.js","firestore.memory":"https://www.gstatic.com/firebasejs/9.11.0/firebase-firestore.memory.js"}}
[info] i  Skipping write of public/index.html 
[info] 
[info] i  Detected a .git folder at H:\Programming Hero\Milestone-10\react-travel-buddy 
[info] i  Authorizing with GitHub to upload your service account to a GitHub repository's secrets store. 
[info] 
[info] Visit this URL on this device to log in:
[info] https://github.com/login/oauth/authorize?client_id=89cf50f02ac6aaed3484&state=501296243&redirect_uri=http%3A%2F%2Flocalhost%3A9005&scope=read%3Auser%20repo%20public_repo
[info] 
[info] Waiting for authentication...
[debug] [2022-10-11T06:09:04.685Z] >>> [apiv2][query] POST https://github.com/login/oauth/access_token [none]
[debug] [2022-10-11T06:09:04.685Z] >>> [apiv2][body] POST https://github.com/login/oauth/access_token [stream]
[debug] [2022-10-11T06:09:05.285Z] <<< [apiv2][status] POST https://github.com/login/oauth/access_token 200
[debug] [2022-10-11T06:09:05.286Z] <<< [apiv2][body] POST https://github.com/login/oauth/access_token {"access_token":"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","token_type":"bearer","scope":"read:user,repo"}
[debug] [2022-10-11T06:09:05.301Z] >>> [apiv2][query] GET https://api.github.com/user [none]
[debug] [2022-10-11T06:09:06.041Z] <<< [apiv2][status] GET https://api.github.com/user 200
[debug] [2022-10-11T06:09:06.042Z] <<< [apiv2][body] GET https://api.github.com/user {"login":"MehediHasanAshik","id":59362120,"node_id":"MDQ6VXNlcjU5MzYyMTIw","avatar_url":"https://avatars.githubusercontent.com/u/59362120?v=4","gravatar_id":"","url":"https://api.github.com/users/MehediHasanAshik","html_url":"https://github.com/MehediHasanAshik","followers_url":"https://api.github.com/users/MehediHasanAshik/followers","following_url":"https://api.github.com/users/MehediHasanAshik/following{/other_user}","gists_url":"https://api.github.com/users/MehediHasanAshik/gists{/gist_id}","starred_url":"https://api.github.com/users/MehediHasanAshik/starred{/owner}{/repo}","subscriptions_url":"https://api.github.com/users/MehediHasanAshik/subscriptions","organizations_url":"https://api.github.com/users/MehediHasanAshik/orgs","repos_url":"https://api.github.com/users/MehediHasanAshik/repos","events_url":"https://api.github.com/users/MehediHasanAshik/events{/privacy}","received_events_url":"https://api.github.com/users/MehediHasanAshik/received_events","type":"User","site_admin":false,"name":"Mehedi Hasan Ashik","company":"Aust","blog":"https://www.linkedin.com/in/mehedi-hasan-ashik-9b51b319a/","location":"Dhaka, Bangladesh","email":"mhashik.ashik@gmail.com","hireable":null,"bio":"Graduated from Ahsanullah University of Science and Technology with a bachelor's degree in CSE.\r\n\r\nFront-End Web Developer.","twitter_username":null,"public_repos":32,"public_gists":0,"followers":1,"following":0,"created_at":"2019-12-30T11:21:31Z","updated_at":"2022-08-04T03:49:43Z","private_gists":0,"total_private_repos":0,"owned_private_repos":0,"disk_usage":328540,"collaborators":0,"two_factor_authentication":false,"plan":{"name":"free","space":976562499,"collaborators":0,"private_repos":10000}}
[info] 
[info] +  Success! Logged into GitHub as MehediHasanAshik 
[info] 
